<?xml version="1.0" encoding="UTF-8"?>
<!-- Generated by org.testng.reporters.JUnitReportReporter -->
<testsuite hostname="AnkitKothiyal" failures="0" tests="1" name="testCases.TC_001_WebScraper" time="40.313" errors="0" timestamp="2025-01-01T15:26:59 IST" skipped="0">
  <testcase classname="testCases.TC_001_WebScraper" name="scrapingArticle" time="40.313"/>
</testsuite> <!-- testCases.TC_001_WebScraper -->
