<?xml version="1.0" encoding="UTF-8"?>
<!-- Generated by org.testng.reporters.JUnitReportReporter -->
<testsuite hostname="AnkitKothiyal" failures="0" tests="1" name="testCases.TC_001_WebScraper" time="37.429" errors="0" timestamp="2024-12-31T22:52:53 IST" skipped="0">
  <testcase classname="testCases.TC_001_WebScraper" name="scrapingArticle" time="37.429"/>
</testsuite> <!-- testCases.TC_001_WebScraper -->
